..\VS2005\Win32\Debug\market.ilk
..\VS2005\Win32\Debug\market.pdb
C:\Program Files (x86)\GridLAB-D\code\gridlab-d-code-5156-trunk\market\..\VS2005\Win32\Debug\market.dll
C:\PROGRAM FILES (X86)\GRIDLAB-D\CODE\GRIDLAB-D-CODE-5156-TRUNK\MARKET\WIN32\DEBUG\MARKET\AUCTION.OBJ
C:\PROGRAM FILES (X86)\GRIDLAB-D\CODE\GRIDLAB-D-CODE-5156-TRUNK\MARKET\WIN32\DEBUG\MARKET\BID.OBJ
C:\PROGRAM FILES (X86)\GRIDLAB-D\CODE\GRIDLAB-D-CODE-5156-TRUNK\MARKET\WIN32\DEBUG\MARKET\CONTROLLER.OBJ
C:\PROGRAM FILES (X86)\GRIDLAB-D\CODE\GRIDLAB-D-CODE-5156-TRUNK\MARKET\WIN32\DEBUG\MARKET\CURVE.OBJ
C:\PROGRAM FILES (X86)\GRIDLAB-D\CODE\GRIDLAB-D-CODE-5156-TRUNK\MARKET\WIN32\DEBUG\MARKET\DOUBLE_CONTROLLER.OBJ
C:\PROGRAM FILES (X86)\GRIDLAB-D\CODE\GRIDLAB-D-CODE-5156-TRUNK\MARKET\WIN32\DEBUG\MARKET\GENERATOR_CONTROLLER.OBJ
C:\PROGRAM FILES (X86)\GRIDLAB-D\CODE\GRIDLAB-D-CODE-5156-TRUNK\MARKET\WIN32\DEBUG\MARKET\INIT.OBJ
C:\PROGRAM FILES (X86)\GRIDLAB-D\CODE\GRIDLAB-D-CODE-5156-TRUNK\MARKET\WIN32\DEBUG\MARKET\MAIN.OBJ
C:\PROGRAM FILES (X86)\GRIDLAB-D\CODE\GRIDLAB-D-CODE-5156-TRUNK\MARKET\WIN32\DEBUG\MARKET\MARKET.DLL.EMBED.MANIFEST
C:\PROGRAM FILES (X86)\GRIDLAB-D\CODE\GRIDLAB-D-CODE-5156-TRUNK\MARKET\WIN32\DEBUG\MARKET\MARKET.DLL.EMBED.MANIFEST.RES
C:\PROGRAM FILES (X86)\GRIDLAB-D\CODE\GRIDLAB-D-CODE-5156-TRUNK\MARKET\WIN32\DEBUG\MARKET\MARKET.DLL.INTERMEDIATE.MANIFEST
C:\PROGRAM FILES (X86)\GRIDLAB-D\CODE\GRIDLAB-D-CODE-5156-TRUNK\MARKET\WIN32\DEBUG\MARKET\PASSIVE_CONTROLLER.OBJ
C:\PROGRAM FILES (X86)\GRIDLAB-D\CODE\GRIDLAB-D-CODE-5156-TRUNK\MARKET\WIN32\DEBUG\MARKET\STUB_BIDDER.OBJ
C:\PROGRAM FILES (X86)\GRIDLAB-D\CODE\GRIDLAB-D-CODE-5156-TRUNK\MARKET\WIN32\DEBUG\MARKET\STUBAUCTION.OBJ
C:\PROGRAM FILES (X86)\GRIDLAB-D\CODE\GRIDLAB-D-CODE-5156-TRUNK\MARKET\WIN32\DEBUG\MARKET\VC100.PDB
C:\PROGRAM FILES (X86)\GRIDLAB-D\CODE\GRIDLAB-D-CODE-5156-TRUNK\VS2005\WIN32\DEBUG\MARKET.DLL
C:\Program Files (x86)\GridLAB-D\code\gridlab-d-code-5156-trunk\VS2005\Win32\Debug\market.exp
C:\PROGRAM FILES (X86)\GRIDLAB-D\CODE\GRIDLAB-D-CODE-5156-TRUNK\VS2005\WIN32\DEBUG\MARKET.ILK
C:\Program Files (x86)\GridLAB-D\code\gridlab-d-code-5156-trunk\VS2005\Win32\Debug\market.lib
C:\PROGRAM FILES (X86)\GRIDLAB-D\CODE\GRIDLAB-D-CODE-5156-TRUNK\VS2005\WIN32\DEBUG\MARKET.PDB
